2016-11-16 16:14:21.466  INFO [main] (io.mycat.backend.datasource.PhysicalDBPool.<init>(PhysicalDBPool.java:101)) - total resouces of dataHost localhost1 is :2
2016-11-16 16:14:21.475  INFO [main] (io.mycat.cache.CacheService.createLayeredPool(CacheService.java:125)) - create layer cache pool TableID2DataNodeCache of type encache ,default cache size 10000 ,default expire seconds18000
2016-11-16 16:14:21.477  INFO [main] (io.mycat.cache.DefaultLayedCachePool.createChildCache(DefaultLayedCachePool.java:80)) - create child Cache: TESTDB_ORDERS for layered cache TableID2DataNodeCache, size 50000, expire seconds 18000
2016-11-16 16:14:21.945  INFO [main] (io.mycat.config.classloader.DynaClassLoader.<init>(DynaClassLoader.java:34)) - dyna class load from E:/webapps/git/Mycat-Server\catlet,and auto check for class file modified every 60 seconds
2016-11-16 16:14:21.950  INFO [main] (io.mycat.MycatServer.startup(MycatServer.java:276)) - ===============================================
2016-11-16 16:14:21.950  INFO [main] (io.mycat.MycatServer.startup(MycatServer.java:277)) - MyCat is ready to startup ...
2016-11-16 16:14:21.950  INFO [main] (io.mycat.MycatServer.startup(MycatServer.java:289)) - Startup processors ...,total processors:4,aio thread pool size:8    
 each process allocated socket buffer pool  bytes ,a page size:2097152  a page's chunk number(PageSize/ChunkSize) is:512  buffer page's number is:80
2016-11-16 16:14:21.950  INFO [main] (io.mycat.MycatServer.startup(MycatServer.java:290)) - sysconfig params:SystemConfig [processorBufferLocalPercent=100, frontSocketSoRcvbuf=1048576, frontSocketSoSndbuf=4194304, backSocketSoRcvbuf=4194304, backSocketSoSndbuf=1048576, frontSocketNoDelay=1, backSocketNoDelay=1, maxStringLiteralLength=65535, frontWriteQueueSize=2048, bindIp=0.0.0.0, serverPort=8066, managerPort=9066, charset=utf8, processors=4, processorExecutor=8, timerExecutor=2, managerExecutor=2, idleTimeout=1800000, catletClassCheckSeconds=60, sqlExecuteTimeout=300, processorCheckPeriod=1000, dataNodeIdleCheckPeriod=300000, dataNodeHeartbeatPeriod=10000, clusterHeartbeatUser=_HEARTBEAT_USER_, clusterHeartbeatPass=_HEARTBEAT_PASS_, clusterHeartbeatPeriod=5000, clusterHeartbeatTimeout=10000, clusterHeartbeatRetry=10, txIsolation=3, parserCommentVersion=50148, sqlRecordCount=10, bufferPoolPageSize=2097152, bufferPoolChunkSize=4096, bufferPoolPageNumber=80, maxResultSet=524288, bigResultSizeSqlCount=10, bufferUsagePercent=80, flowControlRejectStrategy=0, clearBigSqLResultSetMapMs=600000, defaultMaxLimit=100, sequnceHandlerType=2, sqlInterceptor=io.mycat.server.interceptor.impl.DefaultSqlInterceptor, sqlInterceptorType=select, sqlInterceptorFile=E:\webapps\git\Mycat-Server/logs/sql.txt, mutiNodeLimitType=0, mutiNodePatchSize=100, defaultSqlParser=druidparser, usingAIO=0, packetHeaderSize=4, maxPacketSize=16777216, mycatNodeId=1]
2016-11-16 16:14:22.119  INFO [main] (io.mycat.memory.MyCatMemory.<init>(MyCatMemory.java:53)) - useOffHeapForMerge = 1
2016-11-16 16:14:22.119  INFO [main] (io.mycat.memory.MyCatMemory.<init>(MyCatMemory.java:54)) - memoryPageSize = 1m
2016-11-16 16:14:22.119  INFO [main] (io.mycat.memory.MyCatMemory.<init>(MyCatMemory.java:55)) - spillsFileBufferSize = 1k
2016-11-16 16:14:22.119  INFO [main] (io.mycat.memory.MyCatMemory.<init>(MyCatMemory.java:56)) - useStreamOutput = 0
2016-11-16 16:14:22.119  INFO [main] (io.mycat.memory.MyCatMemory.<init>(MyCatMemory.java:57)) - systemReserveMemorySize = 384m
2016-11-16 16:14:22.133  INFO [main] (io.mycat.memory.MyCatMemory.<init>(MyCatMemory.java:58)) - totalNetWorkBufferSize = 160MB
2016-11-16 16:14:22.133  INFO [main] (io.mycat.memory.MyCatMemory.<init>(MyCatMemory.java:59)) - dataNodeSortedTempDir = E:\webapps\git\Mycat-Server
2016-11-16 16:14:22.136  INFO [main] (io.mycat.memory.MyCatMemory.<init>(MyCatMemory.java:122)) - mycat.memory.offHeap.size: 1647MB
2016-11-16 16:14:22.146  INFO [main] (io.mycat.MycatServer.startup(MycatServer.java:391)) - using nio network handler 
2016-11-16 16:14:22.200  INFO [main] (io.mycat.MycatServer.startup(MycatServer.java:407)) - $_MyCatManager is started and listening on 9066
2016-11-16 16:14:22.200  INFO [main] (io.mycat.MycatServer.startup(MycatServer.java:411)) - $_MyCatServer is started and listening on 8066
2016-11-16 16:14:22.201  INFO [main] (io.mycat.MycatServer.startup(MycatServer.java:413)) - ===============================================
2016-11-16 16:14:22.201  INFO [main] (io.mycat.MycatServer.startup(MycatServer.java:417)) - Initialize dataHost ...
2016-11-16 16:14:22.201  INFO [main] (io.mycat.backend.datasource.PhysicalDBPool.initSource(PhysicalDBPool.java:303)) - init backend myqsl source ,create connections total 10 for hostM1 index :0
2016-11-16 16:14:22.203  INFO [main] (io.mycat.backend.datasource.PhysicalDatasource.getConnection(PhysicalDatasource.java:413)) - no ilde connection in pool,create new connection for hostM1 of schema b2b2c_v60
2016-11-16 16:14:22.204  INFO [main] (io.mycat.backend.datasource.PhysicalDatasource.getConnection(PhysicalDatasource.java:413)) - no ilde connection in pool,create new connection for hostM1 of schema b2b2c_v60
2016-11-16 16:14:22.204  INFO [main] (io.mycat.backend.datasource.PhysicalDatasource.getConnection(PhysicalDatasource.java:413)) - no ilde connection in pool,create new connection for hostM1 of schema b2b2c_v60
2016-11-16 16:14:22.204  INFO [main] (io.mycat.backend.datasource.PhysicalDatasource.getConnection(PhysicalDatasource.java:413)) - no ilde connection in pool,create new connection for hostM1 of schema b2b2c_v60
2016-11-16 16:14:22.204  INFO [main] (io.mycat.backend.datasource.PhysicalDatasource.getConnection(PhysicalDatasource.java:413)) - no ilde connection in pool,create new connection for hostM1 of schema b2b2c_v60
2016-11-16 16:14:22.205  INFO [main] (io.mycat.backend.datasource.PhysicalDatasource.getConnection(PhysicalDatasource.java:413)) - no ilde connection in pool,create new connection for hostM1 of schema b2b2c_v60
2016-11-16 16:14:22.207  INFO [main] (io.mycat.backend.datasource.PhysicalDatasource.getConnection(PhysicalDatasource.java:413)) - no ilde connection in pool,create new connection for hostM1 of schema b2b2c_v60
2016-11-16 16:14:22.209  INFO [main] (io.mycat.backend.datasource.PhysicalDatasource.getConnection(PhysicalDatasource.java:413)) - no ilde connection in pool,create new connection for hostM1 of schema b2b2c_v60
2016-11-16 16:14:22.212  INFO [main] (io.mycat.backend.datasource.PhysicalDatasource.getConnection(PhysicalDatasource.java:413)) - no ilde connection in pool,create new connection for hostM1 of schema b2b2c_v60
2016-11-16 16:14:22.213  INFO [main] (io.mycat.backend.datasource.PhysicalDatasource.getConnection(PhysicalDatasource.java:413)) - no ilde connection in pool,create new connection for hostM1 of schema b2b2c_v60
2016-11-16 16:14:22.243  INFO [$_NIOREACTOR-1-RW] (io.mycat.backend.mysql.nio.handler.GetConnectionHandler.connectionAcquired(GetConnectionHandler.java:67)) - connected successfuly MySQLConnection [id=5, lastTime=1479284062243, user=root, schema=b2b2c_v60, old shema=b2b2c_v60, borrowed=true, fromSlaveDB=false, threadId=18, charset=utf8, txIsolation=3, autocommit=true, attachment=null, respHandler=null, host=localhost, port=10087, statusSync=null, writeQueue=0, modifiedSQLExecuted=false]
2016-11-16 16:14:22.243  INFO [$_NIOREACTOR-2-RW] (io.mycat.backend.mysql.nio.handler.GetConnectionHandler.connectionAcquired(GetConnectionHandler.java:67)) - connected successfuly MySQLConnection [id=2, lastTime=1479284062243, user=root, schema=b2b2c_v60, old shema=b2b2c_v60, borrowed=true, fromSlaveDB=false, threadId=25, charset=utf8, txIsolation=3, autocommit=true, attachment=null, respHandler=null, host=localhost, port=10087, statusSync=null, writeQueue=0, modifiedSQLExecuted=false]
2016-11-16 16:14:22.243  INFO [$_NIOREACTOR-3-RW] (io.mycat.backend.mysql.nio.handler.GetConnectionHandler.connectionAcquired(GetConnectionHandler.java:67)) - connected successfuly MySQLConnection [id=7, lastTime=1479284062243, user=root, schema=b2b2c_v60, old shema=b2b2c_v60, borrowed=true, fromSlaveDB=false, threadId=27, charset=utf8, txIsolation=3, autocommit=true, attachment=null, respHandler=null, host=localhost, port=10087, statusSync=null, writeQueue=0, modifiedSQLExecuted=false]
2016-11-16 16:14:22.244  INFO [$_NIOREACTOR-2-RW] (io.mycat.backend.mysql.nio.handler.GetConnectionHandler.connectionAcquired(GetConnectionHandler.java:67)) - connected successfuly MySQLConnection [id=10, lastTime=1479284062244, user=root, schema=b2b2c_v60, old shema=b2b2c_v60, borrowed=true, fromSlaveDB=false, threadId=19, charset=utf8, txIsolation=3, autocommit=true, attachment=null, respHandler=null, host=localhost, port=10087, statusSync=null, writeQueue=0, modifiedSQLExecuted=false]
2016-11-16 16:14:22.244  INFO [$_NIOREACTOR-3-RW] (io.mycat.backend.mysql.nio.handler.GetConnectionHandler.connectionAcquired(GetConnectionHandler.java:67)) - connected successfuly MySQLConnection [id=3, lastTime=1479284062244, user=root, schema=b2b2c_v60, old shema=b2b2c_v60, borrowed=true, fromSlaveDB=false, threadId=21, charset=utf8, txIsolation=3, autocommit=true, attachment=null, respHandler=null, host=localhost, port=10087, statusSync=null, writeQueue=0, modifiedSQLExecuted=false]
2016-11-16 16:14:22.244  INFO [$_NIOREACTOR-2-RW] (io.mycat.backend.mysql.nio.handler.GetConnectionHandler.connectionAcquired(GetConnectionHandler.java:67)) - connected successfuly MySQLConnection [id=6, lastTime=1479284062244, user=root, schema=b2b2c_v60, old shema=b2b2c_v60, borrowed=true, fromSlaveDB=false, threadId=22, charset=utf8, txIsolation=3, autocommit=true, attachment=null, respHandler=null, host=localhost, port=10087, statusSync=null, writeQueue=0, modifiedSQLExecuted=false]
2016-11-16 16:14:22.244  INFO [$_NIOREACTOR-1-RW] (io.mycat.backend.mysql.nio.handler.GetConnectionHandler.connectionAcquired(GetConnectionHandler.java:67)) - connected successfuly MySQLConnection [id=1, lastTime=1479284062244, user=root, schema=b2b2c_v60, old shema=b2b2c_v60, borrowed=true, fromSlaveDB=false, threadId=26, charset=utf8, txIsolation=3, autocommit=true, attachment=null, respHandler=null, host=localhost, port=10087, statusSync=null, writeQueue=0, modifiedSQLExecuted=false]
2016-11-16 16:14:22.244  INFO [$_NIOREACTOR-0-RW] (io.mycat.backend.mysql.nio.handler.GetConnectionHandler.connectionAcquired(GetConnectionHandler.java:67)) - connected successfuly MySQLConnection [id=4, lastTime=1479284062243, user=root, schema=b2b2c_v60, old shema=b2b2c_v60, borrowed=true, fromSlaveDB=false, threadId=20, charset=utf8, txIsolation=3, autocommit=true, attachment=null, respHandler=null, host=localhost, port=10087, statusSync=null, writeQueue=0, modifiedSQLExecuted=false]
2016-11-16 16:14:22.244  INFO [$_NIOREACTOR-1-RW] (io.mycat.backend.mysql.nio.handler.GetConnectionHandler.connectionAcquired(GetConnectionHandler.java:67)) - connected successfuly MySQLConnection [id=9, lastTime=1479284062244, user=root, schema=b2b2c_v60, old shema=b2b2c_v60, borrowed=true, fromSlaveDB=false, threadId=24, charset=utf8, txIsolation=3, autocommit=true, attachment=null, respHandler=null, host=localhost, port=10087, statusSync=null, writeQueue=0, modifiedSQLExecuted=false]
2016-11-16 16:14:22.244  INFO [$_NIOREACTOR-0-RW] (io.mycat.backend.mysql.nio.handler.GetConnectionHandler.connectionAcquired(GetConnectionHandler.java:67)) - connected successfuly MySQLConnection [id=8, lastTime=1479284062244, user=root, schema=b2b2c_v60, old shema=b2b2c_v60, borrowed=true, fromSlaveDB=false, threadId=23, charset=utf8, txIsolation=3, autocommit=true, attachment=null, respHandler=null, host=localhost, port=10087, statusSync=null, writeQueue=0, modifiedSQLExecuted=false]
2016-11-16 16:14:22.313  INFO [main] (io.mycat.backend.datasource.PhysicalDBPool.initSource(PhysicalDBPool.java:328)) - init result :finished 10 success 10 target count:10
2016-11-16 16:14:22.313  INFO [main] (io.mycat.backend.datasource.PhysicalDBPool.init(PhysicalDBPool.java:274)) - localhost1 index:0 init success
2016-11-16 16:14:22.330  INFO [Timer0] (io.mycat.backend.datasource.PhysicalDatasource.createByIdleLitte(PhysicalDatasource.java:299)) - create connections ,because idle connection not enough ,cur is 0, minCon is 10 for hostM2
2016-11-16 16:14:22.340  INFO [$_NIOREACTOR-0-RW] (io.mycat.backend.mysql.nio.handler.NewConnectionRespHandler.connectionAcquired(NewConnectionRespHandler.java:45)) - connectionAcquired MySQLConnection [id=12, lastTime=1479284062337, user=root, schema=b2b2c_v60, old shema=b2b2c_v60, borrowed=false, fromSlaveDB=true, threadId=8, charset=utf8, txIsolation=3, autocommit=true, attachment=null, respHandler=null, host=localhost, port=3307, statusSync=null, writeQueue=0, modifiedSQLExecuted=false]
2016-11-16 16:14:22.341  INFO [$_NIOREACTOR-3-RW] (io.mycat.backend.mysql.nio.handler.NewConnectionRespHandler.connectionAcquired(NewConnectionRespHandler.java:45)) - connectionAcquired MySQLConnection [id=11, lastTime=1479284062337, user=root, schema=b2b2c_v60, old shema=b2b2c_v60, borrowed=false, fromSlaveDB=true, threadId=7, charset=utf8, txIsolation=3, autocommit=true, attachment=null, respHandler=null, host=localhost, port=3307, statusSync=null, writeQueue=0, modifiedSQLExecuted=false]
2016-11-16 16:14:22.345  INFO [$_NIOREACTOR-1-RW] (io.mycat.backend.mysql.nio.handler.NewConnectionRespHandler.connectionAcquired(NewConnectionRespHandler.java:45)) - connectionAcquired MySQLConnection [id=13, lastTime=1479284062337, user=root, schema=b2b2c_v60, old shema=b2b2c_v60, borrowed=false, fromSlaveDB=true, threadId=9, charset=utf8, txIsolation=3, autocommit=true, attachment=null, respHandler=null, host=localhost, port=3307, statusSync=null, writeQueue=0, modifiedSQLExecuted=false]
2016-11-16 16:14:22.361  INFO [main] (io.mycat.MycatServer.startup(MycatServer.java:455)) - ===============================================
2016-11-16 16:14:22.361  INFO [main] (io.mycat.MycatServer.startup(MycatServer.java:456)) - Perform XA recovery log ...
2016-11-16 16:14:27.441  INFO [$_NIOREACTOR-2-RW] (io.mycat.net.handler.FrontendAuthenticator.success(FrontendAuthenticator.java:194)) - ServerConnection [id=1, schema=null, host=127.0.0.1, user=root,txIsolation=3, autocommit=true, schema=null]'root' login success
2016-11-16 16:14:30.250  INFO [$_NIOREACTOR-3-RW] (io.mycat.net.handler.FrontendAuthenticator.success(FrontendAuthenticator.java:194)) - ServerConnection [id=2, schema=null, host=127.0.0.1, user=root,txIsolation=3, autocommit=true, schema=null]'root' login success
2016-11-16 16:14:34.416  INFO [$_NIOREACTOR-0-RW] (io.mycat.net.handler.FrontendAuthenticator.success(FrontendAuthenticator.java:194)) - ServerConnection [id=3, schema=null, host=127.0.0.1, user=root,txIsolation=3, autocommit=true, schema=null]'root' login success
2016-11-16 16:14:37.759  INFO [$_NIOREACTOR-1-RW] (io.mycat.net.handler.FrontendAuthenticator.success(FrontendAuthenticator.java:194)) - ServerConnection [id=4, schema=null, host=127.0.0.1, user=root,txIsolation=3, autocommit=true, schema=null]'root' login success
2016-11-16 16:19:22.328  INFO [Timer0] (io.mycat.backend.datasource.PhysicalDatasource.createByIdleLitte(PhysicalDatasource.java:299)) - create connections ,because idle connection not enough ,cur is 3, minCon is 10 for hostM2
2016-11-16 16:19:22.333  INFO [$_NIOREACTOR-2-RW] (io.mycat.backend.mysql.nio.handler.NewConnectionRespHandler.connectionAcquired(NewConnectionRespHandler.java:45)) - connectionAcquired MySQLConnection [id=14, lastTime=1479284362322, user=root, schema=b2b2c_v60, old shema=b2b2c_v60, borrowed=false, fromSlaveDB=true, threadId=11, charset=utf8, txIsolation=3, autocommit=true, attachment=null, respHandler=null, host=localhost, port=3307, statusSync=null, writeQueue=0, modifiedSQLExecuted=false]
2016-11-16 16:19:22.333  INFO [$_NIOREACTOR-3-RW] (io.mycat.backend.mysql.nio.handler.NewConnectionRespHandler.connectionAcquired(NewConnectionRespHandler.java:45)) - connectionAcquired MySQLConnection [id=15, lastTime=1479284362322, user=root, schema=b2b2c_v60, old shema=b2b2c_v60, borrowed=false, fromSlaveDB=true, threadId=10, charset=utf8, txIsolation=3, autocommit=true, attachment=null, respHandler=null, host=localhost, port=3307, statusSync=null, writeQueue=0, modifiedSQLExecuted=false]
2016-11-16 16:20:55.672  INFO [$_NIOREACTOR-2-RW] (io.mycat.net.AbstractConnection.close(AbstractConnection.java:508)) - close connection,reason:quit cmd ,ServerConnection [id=1, schema=TESTDB, host=127.0.0.1, user=root,txIsolation=3, autocommit=true, schema=TESTDB]
2016-11-16 16:20:55.680  INFO [$_NIOREACTOR-1-RW] (io.mycat.net.AbstractConnection.close(AbstractConnection.java:508)) - close connection,reason:quit cmd ,ServerConnection [id=4, schema=TESTDB, host=127.0.0.1, user=root,txIsolation=3, autocommit=true, schema=TESTDB]
2016-11-16 16:20:55.690  INFO [$_NIOREACTOR-0-RW] (io.mycat.net.AbstractConnection.close(AbstractConnection.java:508)) - close connection,reason:quit cmd ,ServerConnection [id=3, schema=TESTDB, host=127.0.0.1, user=root,txIsolation=3, autocommit=true, schema=TESTDB]
2016-11-16 16:20:55.700  INFO [$_NIOREACTOR-3-RW] (io.mycat.net.AbstractConnection.close(AbstractConnection.java:508)) - close connection,reason:quit cmd ,ServerConnection [id=2, schema=TESTDB, host=127.0.0.1, user=root,txIsolation=3, autocommit=true, schema=TESTDB]
2016-11-16 16:24:22.336  INFO [Timer1] (io.mycat.backend.datasource.PhysicalDatasource.createByIdleLitte(PhysicalDatasource.java:299)) - create connections ,because idle connection not enough ,cur is 5, minCon is 10 for hostM2
2016-11-16 16:24:22.348  INFO [$_NIOREACTOR-0-RW] (io.mycat.backend.mysql.nio.handler.NewConnectionRespHandler.connectionAcquired(NewConnectionRespHandler.java:45)) - connectionAcquired MySQLConnection [id=16, lastTime=1479284662347, user=root, schema=b2b2c_v60, old shema=b2b2c_v60, borrowed=false, fromSlaveDB=true, threadId=12, charset=utf8, txIsolation=3, autocommit=true, attachment=null, respHandler=null, host=localhost, port=3307, statusSync=null, writeQueue=0, modifiedSQLExecuted=false]
